Content-Type: text/plain; charset="utf-8"
MIME-Version: 1.0
Content-Transfer-Encoding: 8bit
Subject: Reset your password
From: garapower26@gmail.com
To: nidiacortez3@gmail.com
Date: Wed, 07 Jun 2023 04:09:40 -0000
Message-ID: <168611098060.10176.16780551686055747350@ARod-Computer>

<!DOCTYPE html>
<html>
	<head>
		<meta charset="UTF-8" />
		<title>Restablecimiento de contrase単a</title>
	</head>
	<body>
		<h2>Hola nidis,</h2>
		<p>
			Hemos recibido una solicitud para restablecer la contrase単a de tu
			cuenta.
		</p>
		<p>
			Para continuar con el proceso de restablecimiento de contrase単a, haz
			clic en el siguiente enlace:
		</p>
		<a href="http://localhost:3000/signin/accounts/reset/MTA/bpe884-08077d889e93700b65221222f195cd4f/">http://localhost:3000/signin/accounts/reset/MTA/bpe884-08077d889e93700b65221222f195cd4f/</a>
		<p>
			Si no has solicitado el restablecimiento de contrase単a, puedes
			ignorar este mensaje.
		</p>
		<p>Gracias,</p>
		<p>Equipo de ejemplo</p>
	</body>
</html>

-------------------------------------------------------------------------------
